2024-10-14 15:28:28,751 [INFO] com.racha.restdev.RestdevApplication [main] Starting RestdevApplication using Java 17.0.8 with PID 8628 (C:\Users\ratsh\OneDrive\Documents\vs code\react\using api\backend\Rachadev 01 updated 2024.06.16\Restdev 01\target\classes started by ratsh in C:\Users\ratsh\OneDrive\Documents\vs code\react\using api\backend\Rachadev 01 updated 2024.06.16\Restdev 01)
2024-10-14 15:28:28,761 [DEBUG] com.racha.restdev.RestdevApplication [main] Running with Spring Boot v3.3.0, Spring v6.1.8
2024-10-14 15:28:28,765 [INFO] com.racha.restdev.RestdevApplication [main] No active profile set, falling back to 1 default profile: "default"
2024-10-14 15:28:30,342 [INFO] org.springframework.data.repository.config.RepositoryConfigurationDelegate [main] Bootstrapping Spring Data JPA repositories in DEFAULT mode.
2024-10-14 15:28:30,421 [INFO] org.springframework.data.repository.config.RepositoryConfigurationDelegate [main] Finished Spring Data repository scanning in 68 ms. Found 3 JPA repository interfaces.
2024-10-14 15:28:31,255 [INFO] org.springframework.boot.web.embedded.tomcat.TomcatWebServer [main] Tomcat initialized with port 8080 (http)
2024-10-14 15:28:31,283 [INFO] org.apache.catalina.core.StandardService [main] Starting service [Tomcat]
2024-10-14 15:28:31,284 [INFO] org.apache.catalina.core.StandardEngine [main] Starting Servlet engine: [Apache Tomcat/10.1.24]
2024-10-14 15:28:31,428 [INFO] org.apache.catalina.core.ContainerBase.[Tomcat].[localhost].[/] [main] Initializing Spring embedded WebApplicationContext
2024-10-14 15:28:31,429 [INFO] org.springframework.boot.web.servlet.context.ServletWebServerApplicationContext [main] Root WebApplicationContext: initialization completed in 2588 ms
2024-10-14 15:28:31,518 [INFO] com.zaxxer.hikari.HikariDataSource [main] HikariPool-1 - Starting...
2024-10-14 15:28:32,325 [INFO] com.zaxxer.hikari.pool.HikariPool [main] HikariPool-1 - Added connection conn0: url=jdbc:h2:file:./db/db user=ADMIN
2024-10-14 15:28:32,330 [INFO] com.zaxxer.hikari.HikariDataSource [main] HikariPool-1 - Start completed.
2024-10-14 15:28:32,361 [INFO] org.springframework.boot.autoconfigure.h2.H2ConsoleAutoConfiguration [main] H2 console available at '/db-console'. Database available at 'jdbc:h2:file:./db/db'
2024-10-14 15:28:32,782 [INFO] org.hibernate.jpa.internal.util.LogHelper [main] HHH000204: Processing PersistenceUnitInfo [name: default]
2024-10-14 15:28:33,059 [INFO] org.hibernate.Version [main] HHH000412: Hibernate ORM core version 6.5.2.Final
2024-10-14 15:28:33,213 [INFO] org.hibernate.cache.internal.RegionFactoryInitiator [main] HHH000026: Second-level cache disabled
2024-10-14 15:28:34,068 [INFO] org.springframework.orm.jpa.persistenceunit.SpringPersistenceUnitInfo [main] No LoadTimeWeaver setup: ignoring JPA class transformer
2024-10-14 15:28:34,296 [WARN] org.hibernate.orm.deprecation [main] HHH90000025: H2Dialect does not need to be specified explicitly using 'hibernate.dialect' (remove the property setting and it will be selected by default)
2024-10-14 15:28:35,793 [INFO] org.hibernate.engine.transaction.jta.platform.internal.JtaPlatformInitiator [main] HHH000489: No JTA platform available (set 'hibernate.transaction.jta.platform' to enable JTA platform integration)
2024-10-14 15:28:35,875 [INFO] org.springframework.orm.jpa.LocalContainerEntityManagerFactoryBean [main] Initialized JPA EntityManagerFactory for persistence unit 'default'
2024-10-14 15:28:37,180 [WARN] org.springframework.boot.autoconfigure.orm.jpa.JpaBaseConfiguration$JpaWebConfiguration [main] spring.jpa.open-in-view is enabled by default. Therefore, database queries may be performed during view rendering. Explicitly configure spring.jpa.open-in-view to disable this warning
2024-10-14 15:28:37,213 [INFO] org.springframework.security.config.annotation.authentication.configuration.InitializeUserDetailsBeanManagerConfigurer$InitializeUserDetailsManagerConfigurer [main] Global AuthenticationManager configured with UserDetailsService bean with name accountService
2024-10-14 15:28:37,818 [INFO] org.springframework.security.web.DefaultSecurityFilterChain [main] Will secure any request with [org.springframework.security.web.session.DisableEncodeUrlFilter@f36c8b1, org.springframework.security.web.context.request.async.WebAsyncManagerIntegrationFilter@251db193, org.springframework.security.web.context.SecurityContextHolderFilter@1ddc5857, org.springframework.security.web.header.HeaderWriterFilter@35fd03d9, org.springframework.web.filter.CorsFilter@109f95b1, org.springframework.security.web.authentication.logout.LogoutFilter@e594c46, org.springframework.security.oauth2.server.resource.web.authentication.BearerTokenAuthenticationFilter@480fb706, org.springframework.security.web.savedrequest.RequestCacheAwareFilter@42bbd21c, org.springframework.security.web.servletapi.SecurityContextHolderAwareRequestFilter@606d2a92, org.springframework.security.web.authentication.AnonymousAuthenticationFilter@4d20cbb5, org.springframework.security.web.session.SessionManagementFilter@68ee7b3b, org.springframework.security.web.access.ExceptionTranslationFilter@eb77241, org.springframework.security.web.access.intercept.AuthorizationFilter@58a5b69c]
2024-10-14 15:28:38,318 [INFO] org.springframework.boot.web.embedded.tomcat.TomcatWebServer [main] Tomcat started on port 8080 (http) with context path '/'
2024-10-14 15:28:38,338 [INFO] com.racha.restdev.RestdevApplication [main] Started RestdevApplication in 10.139 seconds (process running for 10.641)
2024-10-14 15:31:40,768 [INFO] org.apache.catalina.core.ContainerBase.[Tomcat].[localhost].[/] [http-nio-8080-exec-3] Initializing Spring DispatcherServlet 'dispatcherServlet'
2024-10-14 15:31:40,772 [INFO] org.springframework.web.servlet.DispatcherServlet [http-nio-8080-exec-3] Initializing Servlet 'dispatcherServlet'
2024-10-14 15:31:40,777 [INFO] org.springframework.web.servlet.DispatcherServlet [http-nio-8080-exec-3] Completed initialization in 4 ms
2024-10-14 15:31:43,699 [INFO] org.springdoc.api.AbstractOpenApiResource [http-nio-8080-exec-9] Init duration for springdoc-openapi is: 1443 ms
2024-10-14 15:36:02,278 [WARN] org.hibernate.engine.jdbc.spi.SqlExceptionHelper [http-nio-8080-exec-10] SQL Error: 23505, SQLState: 23505
2024-10-14 15:36:02,279 [ERROR] org.hibernate.engine.jdbc.spi.SqlExceptionHelper [http-nio-8080-exec-10] Unique index or primary key violation: "PUBLIC.CONSTRAINT_INDEX_E ON PUBLIC.ACCOUNT(EMAIL NULLS FIRST) VALUES ( /* 1 */ 'user@user.com' )"; SQL statement:
insert into account (authorities,email,password,id) values (?,?,?,?) [23505-224]
2024-10-14 15:36:02,293 [DEBUG] com.racha.restdev.controller.AuthController [http-nio-8080-exec-10] ADD_ACCOUNT_ERROR: could not execute statement [Unique index or primary key violation: "PUBLIC.CONSTRAINT_INDEX_E ON PUBLIC.ACCOUNT(EMAIL NULLS FIRST) VALUES ( /* 1 */ 'user@user.com' )"; SQL statement:
insert into account (authorities,email,password,id) values (?,?,?,?) [23505-224]] [insert into account (authorities,email,password,id) values (?,?,?,?)]; SQL [insert into account (authorities,email,password,id) values (?,?,?,?)]; constraint [PUBLIC.CONSTRAINT_INDEX_E]
2024-10-14 15:36:17,742 [INFO] com.racha.restdev.service.TokenService [http-nio-8080-exec-5] Generated token for user: user@user.com
2024-10-14 16:46:43,142 [INFO] org.springframework.orm.jpa.LocalContainerEntityManagerFactoryBean [SpringApplicationShutdownHook] Closing JPA EntityManagerFactory for persistence unit 'default'
2024-10-14 16:46:43,216 [INFO] com.zaxxer.hikari.HikariDataSource [SpringApplicationShutdownHook] HikariPool-1 - Shutdown initiated...
2024-10-14 16:46:43,439 [INFO] com.zaxxer.hikari.HikariDataSource [SpringApplicationShutdownHook] HikariPool-1 - Shutdown completed.
2024-10-14 16:47:26,418 [INFO] com.racha.Restdev.RestdevApplicationTests [main] Starting RestdevApplicationTests using Java 21.0.3 with PID 25620 (started by ratsh in C:\Users\ratsh\OneDrive\Documents\vs code\react\using api\backend\Rachadev 01 updated 2024.06.16\Restdev 01)
2024-10-14 16:47:26,419 [INFO] com.racha.Restdev.RestdevApplicationTests [main] No active profile set, falling back to 1 default profile: "default"
2024-10-14 16:47:27,527 [INFO] org.springframework.data.repository.config.RepositoryConfigurationDelegate [main] Bootstrapping Spring Data JPA repositories in DEFAULT mode.
2024-10-14 16:47:27,587 [INFO] org.springframework.data.repository.config.RepositoryConfigurationDelegate [main] Finished Spring Data repository scanning in 53 ms. Found 3 JPA repository interfaces.
2024-10-14 16:47:28,203 [INFO] org.hibernate.jpa.internal.util.LogHelper [main] HHH000204: Processing PersistenceUnitInfo [name: default]
2024-10-14 16:47:28,319 [INFO] org.hibernate.Version [main] HHH000412: Hibernate ORM core version 6.5.2.Final
2024-10-14 16:47:28,371 [INFO] org.hibernate.cache.internal.RegionFactoryInitiator [main] HHH000026: Second-level cache disabled
2024-10-14 16:47:28,867 [INFO] org.springframework.orm.jpa.persistenceunit.SpringPersistenceUnitInfo [main] No LoadTimeWeaver setup: ignoring JPA class transformer
2024-10-14 16:47:28,916 [INFO] com.zaxxer.hikari.HikariDataSource [main] HikariPool-1 - Starting...
2024-10-14 16:47:29,188 [INFO] com.zaxxer.hikari.pool.HikariPool [main] HikariPool-1 - Added connection conn0: url=jdbc:h2:file:./db/db user=ADMIN
2024-10-14 16:47:29,189 [INFO] com.zaxxer.hikari.HikariDataSource [main] HikariPool-1 - Start completed.
2024-10-14 16:47:29,226 [WARN] org.hibernate.orm.deprecation [main] HHH90000025: H2Dialect does not need to be specified explicitly using 'hibernate.dialect' (remove the property setting and it will be selected by default)
2024-10-14 16:47:30,295 [INFO] org.hibernate.engine.transaction.jta.platform.internal.JtaPlatformInitiator [main] HHH000489: No JTA platform available (set 'hibernate.transaction.jta.platform' to enable JTA platform integration)
2024-10-14 16:47:30,377 [INFO] org.springframework.orm.jpa.LocalContainerEntityManagerFactoryBean [main] Initialized JPA EntityManagerFactory for persistence unit 'default'
2024-10-14 16:47:31,273 [WARN] org.springframework.boot.autoconfigure.orm.jpa.JpaBaseConfiguration$JpaWebConfiguration [main] spring.jpa.open-in-view is enabled by default. Therefore, database queries may be performed during view rendering. Explicitly configure spring.jpa.open-in-view to disable this warning
2024-10-14 16:47:31,292 [INFO] org.springframework.security.config.annotation.authentication.configuration.InitializeUserDetailsBeanManagerConfigurer$InitializeUserDetailsManagerConfigurer [main] Global AuthenticationManager configured with UserDetailsService bean with name accountService
2024-10-14 16:47:31,680 [INFO] org.springframework.security.web.DefaultSecurityFilterChain [main] Will secure any request with [org.springframework.security.web.session.DisableEncodeUrlFilter@77cd1f67, org.springframework.security.web.context.request.async.WebAsyncManagerIntegrationFilter@94f79a7, org.springframework.security.web.context.SecurityContextHolderFilter@48dfce5c, org.springframework.security.web.header.HeaderWriterFilter@5a6f1342, org.springframework.web.filter.CorsFilter@647d3279, org.springframework.security.web.authentication.logout.LogoutFilter@3a3375d8, org.springframework.security.oauth2.server.resource.web.authentication.BearerTokenAuthenticationFilter@6d7005e2, org.springframework.security.web.savedrequest.RequestCacheAwareFilter@3dceec83, org.springframework.security.web.servletapi.SecurityContextHolderAwareRequestFilter@3203ffa3, org.springframework.security.web.authentication.AnonymousAuthenticationFilter@4b9a1be5, org.springframework.security.web.session.SessionManagementFilter@17fa25f1, org.springframework.security.web.access.ExceptionTranslationFilter@31f90517, org.springframework.security.web.access.intercept.AuthorizationFilter@1ec96512]
2024-10-14 16:47:32,113 [INFO] org.springframework.boot.autoconfigure.h2.H2ConsoleAutoConfiguration [main] H2 console available at '/db-console'. Database available at 'jdbc:h2:file:./db/db'
2024-10-14 16:47:32,174 [INFO] com.racha.Restdev.RestdevApplicationTests [main] Started RestdevApplicationTests in 6.049 seconds (process running for 7.231)
2024-10-14 16:47:33,119 [INFO] org.springframework.orm.jpa.LocalContainerEntityManagerFactoryBean [SpringApplicationShutdownHook] Closing JPA EntityManagerFactory for persistence unit 'default'
2024-10-14 16:47:33,344 [INFO] com.zaxxer.hikari.HikariDataSource [SpringApplicationShutdownHook] HikariPool-1 - Shutdown initiated...
2024-10-14 16:47:33,563 [INFO] com.zaxxer.hikari.HikariDataSource [SpringApplicationShutdownHook] HikariPool-1 - Shutdown completed.
